2018-04-02 12:54:14.416 [main] DEBUG cn.jing.campusShop.dao.AreaDao.queryArea - ==>  Preparing: SELECT area_id,area_name,priority,create_time,last_edit_time FROM tb_area ORDER BY priority DESC 
2018-04-02 12:54:14.885 [main] DEBUG cn.jing.campusShop.dao.AreaDao.queryArea - ==> Parameters: 
2018-04-02 12:54:15.274 [main] DEBUG cn.jing.campusShop.dao.AreaDao.queryArea - <==      Total: 2
2018-04-02 14:44:17.639 [main] DEBUG c.jing.campusShop.dao.LocalAuthDao.insertLocalAuth - ==>  Preparing: INSERT INTO tb_local_auth(username,password,user_id,create_time,last_edit_time) VALUES (?,?,?,?,?) 
2018-04-02 14:44:17.716 [main] DEBUG c.jing.campusShop.dao.LocalAuthDao.insertLocalAuth - ==> Parameters: testusername(String), testpassword(String), 1(Long), 2018-04-02 14:44:16.951(Timestamp), null
2018-04-02 14:44:17.913 [main] DEBUG c.jing.campusShop.dao.LocalAuthDao.insertLocalAuth - <==    Updates: 1
2018-04-02 14:44:17.930 [main] DEBUG c.j.c.dao.LocalAuthDao.queryLocalByUserNameAndPwd - ==>  Preparing: SELECT l.local_auth_id, l.username, l.password, l.create_time, l.last_edit_time, p.user_id, p.name, p.gender, p.email, p.profile_img, p.user_type, p.create_time, p.last_edit_time, p.enable_status FROM tb_local_auth l LEFT JOIN tb_person_info p ON l.user_id = p.user_id WHERE l.username = ? AND l.password = ? 
2018-04-02 14:44:17.931 [main] DEBUG c.j.c.dao.LocalAuthDao.queryLocalByUserNameAndPwd - ==> Parameters: testusername(String), testpassword(String)
2018-04-02 14:44:18.020 [main] DEBUG c.j.campusShop.dao.LocalAuthDao.queryLocalByUserId - ==>  Preparing: SELECT l.local_auth_id, l.username, l.password, l.create_time, l.last_edit_time, p.user_id, p.name, p.gender, p.email, p.profile_img, p.user_type, p.create_time, p.last_edit_time, p.enable_status FROM tb_local_auth l LEFT JOIN tb_person_info p ON l.user_id = p.user_id WHERE l.user_id = ? 
2018-04-02 14:44:18.021 [main] DEBUG c.j.campusShop.dao.LocalAuthDao.queryLocalByUserId - ==> Parameters: 1(Long)
2018-04-02 14:44:18.092 [main] DEBUG c.jing.campusShop.dao.LocalAuthDao.updateLocalAuth - ==>  Preparing: update tb_local_auth SET password=?, last_edit_time=? where user_id=? AND username=? AND password=? 
2018-04-02 14:44:18.094 [main] DEBUG c.jing.campusShop.dao.LocalAuthDao.updateLocalAuth - ==> Parameters: testpasswordnew(String), 2018-04-02 14:44:18.034(Timestamp), 1(Long), testusername(String), testpassword(String)
2018-04-02 14:44:18.159 [main] DEBUG c.jing.campusShop.dao.LocalAuthDao.updateLocalAuth - <==    Updates: 1
2018-04-02 14:44:18.160 [main] DEBUG c.j.campusShop.dao.LocalAuthDao.queryLocalByUserId - ==>  Preparing: SELECT l.local_auth_id, l.username, l.password, l.create_time, l.last_edit_time, p.user_id, p.name, p.gender, p.email, p.profile_img, p.user_type, p.create_time, p.last_edit_time, p.enable_status FROM tb_local_auth l LEFT JOIN tb_person_info p ON l.user_id = p.user_id WHERE l.user_id = ? 
2018-04-02 14:44:18.161 [main] DEBUG c.j.campusShop.dao.LocalAuthDao.queryLocalByUserId - ==> Parameters: 1(Long)
2018-04-02 14:45:06.170 [main] DEBUG c.jing.campusShop.dao.LocalAuthDao.insertLocalAuth - ==>  Preparing: INSERT INTO tb_local_auth(username,password,user_id,create_time,last_edit_time) VALUES (?,?,?,?,?) 
2018-04-02 14:45:06.232 [main] DEBUG c.jing.campusShop.dao.LocalAuthDao.insertLocalAuth - ==> Parameters: testusername(String), testpassword(String), 1(Long), 2018-04-02 14:45:05.577(Timestamp), null
2018-04-02 14:45:06.440 [main] DEBUG c.j.c.dao.LocalAuthDao.queryLocalByUserNameAndPwd - ==>  Preparing: SELECT l.local_auth_id, l.username, l.password, l.create_time, l.last_edit_time, p.user_id, p.name, p.gender, p.email, p.profile_img, p.user_type, p.create_time, p.last_edit_time, p.enable_status FROM tb_local_auth l LEFT JOIN tb_person_info p ON l.user_id = p.user_id WHERE l.username = ? AND l.password = ? 
2018-04-02 14:45:06.442 [main] DEBUG c.j.c.dao.LocalAuthDao.queryLocalByUserNameAndPwd - ==> Parameters: testusername(String), testpassword(String)
2018-04-02 14:45:06.460 [main] DEBUG c.j.c.dao.LocalAuthDao.queryLocalByUserNameAndPwd - <==      Total: 0
2018-04-02 14:45:06.465 [main] DEBUG c.j.campusShop.dao.LocalAuthDao.queryLocalByUserId - ==>  Preparing: SELECT l.local_auth_id, l.username, l.password, l.create_time, l.last_edit_time, p.user_id, p.name, p.gender, p.email, p.profile_img, p.user_type, p.create_time, p.last_edit_time, p.enable_status FROM tb_local_auth l LEFT JOIN tb_person_info p ON l.user_id = p.user_id WHERE l.user_id = ? 
2018-04-02 14:45:06.467 [main] DEBUG c.j.campusShop.dao.LocalAuthDao.queryLocalByUserId - ==> Parameters: 1(Long)
2018-04-02 14:45:06.473 [main] DEBUG c.j.campusShop.dao.LocalAuthDao.queryLocalByUserId - <==      Total: 1
2018-04-02 14:45:06.530 [main] DEBUG c.jing.campusShop.dao.LocalAuthDao.updateLocalAuth - ==>  Preparing: update tb_local_auth SET password=?, last_edit_time=? where user_id=? AND username=? AND password=? 
2018-04-02 14:45:06.532 [main] DEBUG c.jing.campusShop.dao.LocalAuthDao.updateLocalAuth - ==> Parameters: testpasswordnew(String), 2018-04-02 14:45:06.475(Timestamp), 1(Long), testusername(String), testpassword(String)
2018-04-02 14:45:06.536 [main] DEBUG c.jing.campusShop.dao.LocalAuthDao.updateLocalAuth - <==    Updates: 0
2018-04-02 14:46:20.312 [main] DEBUG c.jing.campusShop.dao.LocalAuthDao.insertLocalAuth - ==>  Preparing: INSERT INTO tb_local_auth(username,password,user_id,create_time,last_edit_time) VALUES (?,?,?,?,?) 
2018-04-02 14:46:20.418 [main] DEBUG c.jing.campusShop.dao.LocalAuthDao.insertLocalAuth - ==> Parameters: testusername(String), testpassword(String), 1(Long), 2018-04-02 14:46:19.677(Timestamp), null
2018-04-02 14:46:20.431 [main] DEBUG c.jing.campusShop.dao.LocalAuthDao.insertLocalAuth - <==    Updates: 1
2018-04-02 14:46:20.450 [main] DEBUG c.j.c.dao.LocalAuthDao.queryLocalByUserNameAndPwd - ==>  Preparing: SELECT l.local_auth_id, l.username, l.password, l.create_time, l.last_edit_time, p.user_id, p.name, p.gender, p.email, p.profile_img, p.user_type, p.create_time, p.last_edit_time, p.enable_status FROM tb_local_auth l LEFT JOIN tb_person_info p ON l.user_id = p.user_id WHERE l.username = ? AND l.password = ? 
2018-04-02 14:46:20.451 [main] DEBUG c.j.c.dao.LocalAuthDao.queryLocalByUserNameAndPwd - ==> Parameters: testusername(String), testpassword(String)
2018-04-02 14:46:20.468 [main] DEBUG c.j.c.dao.LocalAuthDao.queryLocalByUserNameAndPwd - <==      Total: 1
2018-04-02 14:46:20.478 [main] DEBUG c.j.campusShop.dao.LocalAuthDao.queryLocalByUserId - ==>  Preparing: SELECT l.local_auth_id, l.username, l.password, l.create_time, l.last_edit_time, p.user_id, p.name, p.gender, p.email, p.profile_img, p.user_type, p.create_time, p.last_edit_time, p.enable_status FROM tb_local_auth l LEFT JOIN tb_person_info p ON l.user_id = p.user_id WHERE l.user_id = ? 
2018-04-02 14:46:20.478 [main] DEBUG c.j.campusShop.dao.LocalAuthDao.queryLocalByUserId - ==> Parameters: 1(Long)
2018-04-02 14:46:20.481 [main] DEBUG c.j.campusShop.dao.LocalAuthDao.queryLocalByUserId - <==      Total: 1
2018-04-02 14:46:20.533 [main] DEBUG c.jing.campusShop.dao.LocalAuthDao.updateLocalAuth - ==>  Preparing: update tb_local_auth SET password=?, last_edit_time=? where user_id=? AND username=? AND password=? 
2018-04-02 14:46:20.535 [main] DEBUG c.jing.campusShop.dao.LocalAuthDao.updateLocalAuth - ==> Parameters: testpasswordnew(String), 2018-04-02 14:46:20.484(Timestamp), 1(Long), testusername(String), testpassword(String)
2018-04-02 14:46:20.538 [main] DEBUG c.jing.campusShop.dao.LocalAuthDao.updateLocalAuth - <==    Updates: 1
2018-04-02 14:46:20.539 [main] DEBUG c.j.campusShop.dao.LocalAuthDao.queryLocalByUserId - ==>  Preparing: SELECT l.local_auth_id, l.username, l.password, l.create_time, l.last_edit_time, p.user_id, p.name, p.gender, p.email, p.profile_img, p.user_type, p.create_time, p.last_edit_time, p.enable_status FROM tb_local_auth l LEFT JOIN tb_person_info p ON l.user_id = p.user_id WHERE l.user_id = ? 
2018-04-02 14:46:20.540 [main] DEBUG c.j.campusShop.dao.LocalAuthDao.queryLocalByUserId - ==> Parameters: 1(Long)
2018-04-02 14:46:20.544 [main] DEBUG c.j.campusShop.dao.LocalAuthDao.queryLocalByUserId - <==      Total: 1
2018-04-02 16:59:36.306 [main] DEBUG c.j.campusShop.dao.LocalAuthDao.queryLocalByUserId - ==>  Preparing: SELECT l.local_auth_id, l.username, l.password, l.create_time, l.last_edit_time, p.user_id, p.name, p.gender, p.email, p.profile_img, p.user_type, p.create_time, p.last_edit_time, p.enable_status FROM tb_local_auth l LEFT JOIN tb_person_info p ON l.user_id = p.user_id WHERE l.user_id = ? 
2018-04-02 16:59:36.355 [main] DEBUG c.j.campusShop.dao.LocalAuthDao.queryLocalByUserId - ==> Parameters: 1(Long)
2018-04-02 16:59:36.381 [main] DEBUG c.j.campusShop.dao.LocalAuthDao.queryLocalByUserId - <==      Total: 0
2018-04-02 16:59:36.391 [main] DEBUG c.jing.campusShop.dao.LocalAuthDao.insertLocalAuth - ==>  Preparing: INSERT INTO tb_local_auth(username,password,user_id,create_time,last_edit_time) VALUES (?,?,?,?,?) 
2018-04-02 16:59:36.401 [main] DEBUG c.jing.campusShop.dao.LocalAuthDao.insertLocalAuth - ==> Parameters: testusername(String), s06l5bl5s05602ly2syls6556q56sb6e(String), 1(Long), 2018-04-02 16:59:36.391(Timestamp), 2018-04-02 16:59:36.391(Timestamp)
2018-04-02 16:59:36.403 [main] DEBUG c.jing.campusShop.dao.LocalAuthDao.insertLocalAuth - <==    Updates: 1
2018-04-02 16:59:36.412 [main] DEBUG c.j.campusShop.dao.LocalAuthDao.queryLocalByUserId - ==>  Preparing: SELECT l.local_auth_id, l.username, l.password, l.create_time, l.last_edit_time, p.user_id, p.name, p.gender, p.email, p.profile_img, p.user_type, p.create_time, p.last_edit_time, p.enable_status FROM tb_local_auth l LEFT JOIN tb_person_info p ON l.user_id = p.user_id WHERE l.user_id = ? 
2018-04-02 16:59:36.412 [main] DEBUG c.j.campusShop.dao.LocalAuthDao.queryLocalByUserId - ==> Parameters: 1(Long)
2018-04-02 16:59:36.417 [main] DEBUG c.j.campusShop.dao.LocalAuthDao.queryLocalByUserId - <==      Total: 1
2018-04-02 17:01:14.123 [main] DEBUG c.jing.campusShop.dao.LocalAuthDao.updateLocalAuth - ==>  Preparing: update tb_local_auth SET password=?, last_edit_time=? where user_id=? AND username=? AND password=? 
2018-04-02 17:01:14.157 [main] DEBUG c.jing.campusShop.dao.LocalAuthDao.updateLocalAuth - ==> Parameters: 6559sq606y6l92e9ss5qsqb5q92e566b(String), 2018-04-02 17:01:14.066(Timestamp), 1(Long), testusername(String), s06l5bl5s05602ly2syls6556q56sb6e(String)
2018-04-02 17:01:14.160 [main] DEBUG c.jing.campusShop.dao.LocalAuthDao.updateLocalAuth - <==    Updates: 1
2018-04-02 17:01:14.169 [main] DEBUG c.j.c.dao.LocalAuthDao.queryLocalByUserNameAndPwd - ==>  Preparing: SELECT l.local_auth_id, l.username, l.password, l.create_time, l.last_edit_time, p.user_id, p.name, p.gender, p.email, p.profile_img, p.user_type, p.create_time, p.last_edit_time, p.enable_status FROM tb_local_auth l LEFT JOIN tb_person_info p ON l.user_id = p.user_id WHERE l.username = ? AND l.password = ? 
2018-04-02 17:01:14.170 [main] DEBUG c.j.c.dao.LocalAuthDao.queryLocalByUserNameAndPwd - ==> Parameters: testusername(String), 6559sq606y6l92e9ss5qsqb5q92e566b(String)
2018-04-02 17:01:14.193 [main] DEBUG c.j.c.dao.LocalAuthDao.queryLocalByUserNameAndPwd - <==      Total: 1
